[WARNING:flash/platform/pepper/pep_module.cpp(63)] SANDBOXED
[844:844:1124/213602:ERROR:navigation_entry_screenshot_manager.cc(141)] Invalid entry with unique id: 330
[844:844:1124/213625:ERROR:navigation_entry_screenshot_manager.cc(141)] Invalid entry with unique id: 333
[844:844:1124/213659:ERROR:navigation_entry_screenshot_manager.cc(141)] Invalid entry with unique id: 337
[WARNING:flash/platform/pepper/pep_module.cpp(63)] SANDBOXED
[1:22:1125/092735:ERROR:ffmpeg_demuxer.cc(1595)] OnReadFrameDone result=-541478725 IsMaxMemoryUsageReached=0
[844:882:1125/210114:ERROR:ssl_client_socket_impl.cc(1168)] handshake failed; returned -1, SSL error code 1, net_error -100
[844:882:1125/210114:ERROR:ssl_client_socket_impl.cc(1168)] handshake failed; returned -1, SSL error code 1, net_error -100
[1:22:1125/210422:ERROR:ffmpeg_demuxer.cc(1595)] OnReadFrameDone result=-541478725 IsMaxMemoryUsageReached=0
[1:18:1126/131617:ERROR:ffmpeg_demuxer.cc(1595)] OnReadFrameDone result=-541478725 IsMaxMemoryUsageReached=0
[1:18:1126/131844:ERROR:ffmpeg_demuxer.cc(1595)] OnReadFrameDone result=-541478725 IsMaxMemoryUsageReached=0
[WARNING:flash/platform/pepper/pep_module.cpp(63)] SANDBOXED

(nautilus:16004): GLib-GIO-CRITICAL **: g_dbus_interface_skeleton_unexport: assertion 'interface_->priv->connections != NULL' failed

(nautilus:16004): GLib-GIO-CRITICAL **: g_dbus_interface_skeleton_unexport: assertion 'interface_->priv->connections != NULL' failed

(nautilus:16004): Gtk-CRITICAL **: gtk_icon_theme_get_for_screen: assertion 'GDK_IS_SCREEN (screen)' failed

(nautilus:16004): GLib-GObject-WARNING **: invalid (NULL) pointer instance

(nautilus:16004): GLib-GObject-CRITICAL **: g_signal_connect_object: assertion 'G_TYPE_CHECK_INSTANCE (instance)' failed
[1:18:1126/140023:ERROR:ffmpeg_demuxer.cc(1595)] OnReadFrameDone result=-541478725 IsMaxMemoryUsageReached=0
[1:18:1126/140142:ERROR:ffmpeg_demuxer.cc(1595)] OnReadFrameDone result=-541478725 IsMaxMemoryUsageReached=0
[1:18:1126/142403:ERROR:ffmpeg_demuxer.cc(1595)] OnReadFrameDone result=-541478725 IsMaxMemoryUsageReached=0
[1:18:1126/144250:ERROR:ffmpeg_demuxer.cc(1595)] OnReadFrameDone result=-541478725 IsMaxMemoryUsageReached=0
[13916:13950:1126/145006:ERROR:ssl_client_socket_impl.cc(1168)] handshake failed; returned -1, SSL error code 1, net_error -100
[1:29:1126/202336:ERROR:ffmpeg_demuxer.cc(1595)] OnReadFrameDone result=-541478725 IsMaxMemoryUsageReached=0
A Parser-blocking, cross-origin script, http://ajax.cloudflare.com/cdn-cgi/nexp/dok3v=088620b277/cloudflare.min.js, is invoked via document.write. This may be blocked by the browser if the device has poor network connectivity.
A Parser-blocking, cross-origin script, http://ajax.cloudflare.com/cdn-cgi/nexp/dok3v=088620b277/cloudflare.min.js, is invoked via document.write. This may be blocked by the browser if the device has poor network connectivity.
[1:29:1126/205811:ERROR:ffmpeg_demuxer.cc(1595)] OnReadFrameDone result=-541478725 IsMaxMemoryUsageReached=0
